# JRE version: OpenJDK Runtime Environment Corretto-24.0.2.12.1 (24.0.2+12) (build 24.0.2+12-FR)
# Java VM: OpenJDK 64-Bit Server VM Corretto-24.0.2.12.1 (24.0.2+12-FR, mixed mode, sharing, tiered, compressed oops, compressed class ptrs, g1 gc, windows-amd64)
GC Precious Log:
 CardTable entry size: 512
 Card Set container configuration: InlinePtr #cards 5 size 8 Array Of Cards #cards 10 size 36 Howl #buckets 4 coarsen threshold 1843 Howl Bitmap #cards 512 size 80 coarsen threshold 460 Card regions per heap region 1 cards per card region 2048
 CPUs: 8 total, 8 available
 Memory: 7865M
 Large Page Support: Disabled
 NUMA Support: Disabled
 Compressed Oops: Enabled (32-bit)
 Heap Region Size: 1M
 Heap Min Capacity: 256M
 Heap Initial Capacity: 256M
 Heap Max Capacity: 512M
 Pre-touch: Disabled
 Parallel Workers: 8
 Concurrent Workers: 2
 Concurrent Refinement Workers: 8
 Periodic GC: Disabled
Heap:
 garbage-first heap   total reserved 524288K, committed 315392K, used 227328K [0x00000000e0000000, 0x0000000100000000)
  region size 1024K, 31 young (31744K), 10 survivors (10240K)
 Metaspace       used 53314K, committed 55040K, reserved 393216K
  class space    used 6166K, committed 6976K, reserved 327680K
GC Heap History (20 events):
Event: 40.246 GC heap after
{Heap after GC invocations=15 (full 0):
 garbage-first heap   total reserved 524288K, committed 262144K, used 92144K [0x00000000e0000000, 0x0000000100000000)
  region size 1024K, 5 young (5120K), 5 survivors (5120K)
 Metaspace       used 52492K, committed 54144K, reserved 393216K
  class space    used 6116K, committed 6912K, reserved 327680K
}
Event: 42.158 GC heap before
{Heap before GC invocations=15 (full 0):
 garbage-first heap   total reserved 524288K, committed 262144K, used 235504K [0x00000000e0000000, 0x0000000100000000)
  region size 1024K, 145 young (148480K), 5 survivors (5120K)
 Metaspace       used 52498K, committed 54144K, reserved 393216K
  class space    used 6117K, committed 6912K, reserved 327680K
}
Event: 42.174 GC heap after
{Heap after GC invocations=16 (full 0):
 garbage-first heap   total reserved 524288K, committed 262144K, used 93609K [0x00000000e0000000, 0x0000000100000000)
  region size 1024K, 7 young (7168K), 7 survivors (7168K)
 Metaspace       used 52498K, committed 54144K, reserved 393216K
  class space    used 6117K, committed 6912K, reserved 327680K
}
Event: 43.713 GC heap before
{Heap before GC invocations=16 (full 0):
 garbage-first heap   total reserved 524288K, committed 262144K, used 237993K [0x00000000e0000000, 0x0000000100000000)
  region size 1024K, 148 young (151552K), 7 survivors (7168K)
 Metaspace       used 52505K, committed 54144K, reserved 393216K
  class space    used 6119K, committed 6912K, reserved 327680K
}
Event: 43.731 GC heap after
{Heap after GC invocations=17 (full 0):
 garbage-first heap   total reserved 524288K, committed 262144K, used 94893K [0x00000000e0000000, 0x0000000100000000)
  region size 1024K, 8 young (8192K), 8 survivors (8192K)
 Metaspace       used 52505K, committed 54144K, reserved 393216K
  class space    used 6119K, committed 6912K, reserved 327680K
}
Event: 46.364 GC heap before
{Heap before GC invocations=17 (full 0):
 garbage-first heap   total reserved 524288K, committed 262144K, used 241325K [0x00000000e0000000, 0x0000000100000000)
  region size 1024K, 149 young (152576K), 8 survivors (8192K)
 Metaspace       used 52608K, committed 54208K, reserved 393216K
  class space    used 6134K, committed 6912K, reserved 327680K
}
Event: 46.369 GC heap after
{Heap after GC invocations=18 (full 0):
 garbage-first heap   total reserved 524288K, committed 262144K, used 91112K [0x00000000e0000000, 0x0000000100000000)
  region size 1024K, 2 young (2048K), 2 survivors (2048K)
 Metaspace       used 52608K, committed 54208K, reserved 393216K
  class space    used 6134K, committed 6912K, reserved 327680K
}
Event: 48.305 GC heap before
{Heap before GC invocations=18 (full 0):
 garbage-first heap   total reserved 524288K, committed 262144K, used 243688K [0x00000000e0000000, 0x0000000100000000)
  region size 1024K, 149 young (152576K), 2 survivors (2048K)
 Metaspace       used 52871K, committed 54464K, reserved 393216K
  class space    used 6159K, committed 6912K, reserved 327680K
}
Event: 48.317 GC heap after
{Heap after GC invocations=19 (full 0):
 garbage-first heap   total reserved 524288K, committed 262144K, used 91837K [0x00000000e0000000, 0x0000000100000000)
  region size 1024K, 3 young (3072K), 3 survivors (3072K)
 Metaspace       used 52871K, committed 54464K, reserved 393216K
  class space    used 6159K, committed 6912K, reserved 327680K
}
Event: 49.965 GC heap before
{Heap before GC invocations=19 (full 0):
 garbage-first heap   total reserved 524288K, committed 262144K, used 241341K [0x00000000e0000000, 0x0000000100000000)
  region size 1024K, 149 young (152576K), 3 survivors (3072K)
 Metaspace       used 53132K, committed 54848K, reserved 393216K
  class space    used 6181K, committed 6976K, reserved 327680K
}
Event: 49.990 GC heap after
{Heap after GC invocations=20 (full 0):
 garbage-first heap   total reserved 524288K, committed 262144K, used 95777K [0x00000000e0000000, 0x0000000100000000)
  region size 1024K, 7 young (7168K), 7 survivors (7168K)
 Metaspace       used 53132K, committed 54848K, reserved 393216K
  class space    used 6181K, committed 6976K, reserved 327680K
}
Event: 51.126 GC heap before
{Heap before GC invocations=20 (full 0):
 garbage-first heap   total reserved 524288K, committed 262144K, used 239137K [0x00000000e0000000, 0x0000000100000000)
  region size 1024K, 148 young (151552K), 7 survivors (7168K)
 Metaspace       used 53135K, committed 54848K, reserved 393216K
  class space    used 6181K, committed 6976K, reserved 327680K
}
Event: 51.154 GC heap after
{Heap after GC invocations=21 (full 0):
 garbage-first heap   total reserved 524288K, committed 262144K, used 102876K [0x00000000e0000000, 0x0000000100000000)
  region size 1024K, 14 young (14336K), 14 survivors (14336K)
 Metaspace       used 53135K, committed 54848K, reserved 393216K
  class space    used 6181K, committed 6976K, reserved 327680K
}
Event: 52.207 GC heap before
{Heap before GC invocations=21 (full 0):
 garbage-first heap   total reserved 524288K, committed 262144K, used 232924K [0x00000000e0000000, 0x0000000100000000)
  region size 1024K, 141 young (144384K), 14 survivors (14336K)
 Metaspace       used 53135K, committed 54848K, reserved 393216K
  class space    used 6181K, committed 6976K, reserved 327680K
}
Event: 52.245 GC heap after
{Heap after GC invocations=22 (full 0):
 garbage-first heap   total reserved 524288K, committed 262144K, used 109826K [0x00000000e0000000, 0x0000000100000000)
  region size 1024K, 14 young (14336K), 14 survivors (14336K)
 Metaspace       used 53135K, committed 54848K, reserved 393216K
  class space    used 6181K, committed 6976K, reserved 327680K
}
Event: 53.927 GC heap before
{Heap before GC invocations=22 (full 0):
 garbage-first heap   total reserved 524288K, committed 262144K, used 238850K [0x00000000e0000000, 0x0000000100000000)
  region size 1024K, 134 young (137216K), 14 survivors (14336K)
 Metaspace       used 53269K, committed 54912K, reserved 393216K
  class space    used 6181K, committed 6976K, reserved 327680K
}
Event: 54.104 GC heap after
{Heap after GC invocations=23 (full 0):
 garbage-first heap   total reserved 524288K, committed 315392K, used 177664K [0x00000000e0000000, 0x0000000100000000)
  region size 1024K, 17 young (17408K), 17 survivors (17408K)
 Metaspace       used 53269K, committed 54912K, reserved 393216K
  class space    used 6181K, committed 6976K, reserved 327680K
}
Event: 54.576 GC heap before
{Heap before GC invocations=23 (full 0):
 garbage-first heap   total reserved 524288K, committed 315392K, used 203264K [0x00000000e0000000, 0x0000000100000000)
  region size 1024K, 44 young (45056K), 17 survivors (17408K)
 Metaspace       used 53355K, committed 54976K, reserved 393216K
  class space    used 6181K, committed 6976K, reserved 327680K
}
Event: 54.667 GC heap after
{Heap after GC invocations=24 (full 0):
 garbage-first heap   total reserved 524288K, committed 315392K, used 192512K [0x00000000e0000000, 0x0000000100000000)
  region size 1024K, 12 young (12288K), 12 survivors (12288K)
 Metaspace       used 53355K, committed 54976K, reserved 393216K
  class space    used 6181K, committed 6976K, reserved 327680K
}
Event: 56.093 GC heap before
{Heap before GC invocations=25 (full 0):
 garbage-first heap   total reserved 524288K, committed 315392K, used 258048K [0x00000000e0000000, 0x0000000100000000)
  region size 1024K, 80 young (81920K), 12 survivors (12288K)
 Metaspace       used 53314K, committed 55040K, reserved 393216K
  class space    used 6166K, committed 6976K, reserved 327680K
}

